2024-03-24 16:31:22,105 - root - INFO - Logging configured.
2024-03-24 16:31:22,106 - root - INFO - Environment variables loaded.
2024-03-24 16:31:23,118 - root - INFO - Command 'calculator' from plugin 'calculator' registered.
2024-03-24 16:31:23,118 - root - INFO - Registered command 'CalculatorCommand' for plugin 'calculator'
2024-03-24 16:31:23,120 - root - INFO - Command 'greet' from plugin 'greet' registered.
2024-03-24 16:31:23,120 - root - INFO - Registered command 'GreetCommand' for plugin 'greet'
2024-03-24 16:31:23,120 - root - INFO - Application started. Type 'exit' to exit.
2024-03-24 16:32:06,040 - root - INFO - Application shutdown.
2024-03-24 16:35:44,490 - root - INFO - Logging configured.
2024-03-24 16:35:44,490 - root - INFO - Environment variables loaded.
2024-03-24 16:35:44,915 - root - INFO - Command 'calculator' from plugin 'calculator' registered.
2024-03-24 16:35:44,915 - root - INFO - Registered command 'CalculatorCommand' for plugin 'calculator'
2024-03-24 16:35:44,915 - root - INFO - Command 'greet' from plugin 'greet' registered.
2024-03-24 16:35:44,916 - root - INFO - Registered command 'GreetCommand' for plugin 'greet'
2024-03-24 16:35:44,916 - root - INFO - Application started. Type 'exit' to exit.
2024-03-24 16:37:02,707 - root - INFO - Application exit.
2024-03-24 16:37:02,708 - root - INFO - Application shutdown.
2024-03-24 16:44:14,125 - root - INFO - Logging configured.
2024-03-24 16:44:14,125 - root - INFO - Environment variables loaded.
2024-03-24 16:44:14,839 - root - INFO - Command 'calculator' from plugin 'calculator' registered.
2024-03-24 16:44:14,839 - root - INFO - Registered command 'CalculatorCommand' for plugin 'calculator'
2024-03-24 16:44:14,840 - root - INFO - Command 'greet' from plugin 'greet' registered.
2024-03-24 16:44:14,840 - root - INFO - Registered command 'GreetCommand' for plugin 'greet'
2024-03-24 16:44:14,840 - root - INFO - Application started. Type 'exit' to exit.
2024-03-24 16:44:14,841 - root - INFO - Application exit.
2024-03-24 16:44:14,841 - root - INFO - Application shutdown.
2024-03-24 16:47:10,819 - root - INFO - Logging configured.
2024-03-24 16:47:10,819 - root - INFO - Environment variables loaded.
2024-03-24 16:47:11,277 - root - INFO - Command 'calculator' from plugin 'calculator' registered.
2024-03-24 16:47:11,277 - root - INFO - Registered command 'CalculatorCommand' for plugin 'calculator'
2024-03-24 16:47:11,278 - root - INFO - Command 'greet' from plugin 'greet' registered.
2024-03-24 16:47:11,278 - root - INFO - Registered command 'GreetCommand' for plugin 'greet'
2024-03-24 16:47:11,278 - root - INFO - Application started. Type 'exit' to exit.
2024-03-24 16:47:11,280 - root - INFO - Application exit.
2024-03-24 16:47:11,280 - root - INFO - Application shutdown.
2024-03-24 16:50:48,292 - root - INFO - Logging configured.
2024-03-24 16:50:48,293 - root - INFO - Environment variables loaded.
2024-03-24 16:50:48,770 - root - INFO - Command 'calculator' from plugin 'calculator' registered.
2024-03-24 16:50:48,770 - root - INFO - Registered command 'CalculatorCommand' for plugin 'calculator'
2024-03-24 16:50:48,771 - root - INFO - Command 'greet' from plugin 'greet' registered.
2024-03-24 16:50:48,771 - root - INFO - Registered command 'GreetCommand' for plugin 'greet'
2024-03-24 16:50:48,771 - root - INFO - Application started. Type 'exit' to exit.
2024-03-24 16:50:48,772 - root - INFO - Application exit.
2024-03-24 16:50:48,772 - root - INFO - Application shutdown.
2024-03-24 16:51:44,026 - root - INFO - Logging configured.
2024-03-24 16:51:44,027 - root - INFO - Environment variables loaded.
2024-03-24 16:51:45,116 - root - INFO - Command 'calculator' from plugin 'calculator' registered.
2024-03-24 16:51:45,116 - root - INFO - Registered command 'CalculatorCommand' for plugin 'calculator'
2024-03-24 16:51:45,117 - root - INFO - Command 'greet' from plugin 'greet' registered.
2024-03-24 16:51:45,117 - root - INFO - Registered command 'GreetCommand' for plugin 'greet'
2024-03-24 16:51:45,117 - root - INFO - Application started. Type 'exit' to exit.
2024-03-24 16:51:45,118 - root - INFO - Application exit.
2024-03-24 16:51:45,118 - root - INFO - Application shutdown.
2024-03-24 16:53:24,916 - root - INFO - Logging configured.
2024-03-24 16:53:24,917 - root - INFO - Environment variables loaded.
2024-03-24 16:53:25,421 - root - INFO - Command 'calculator' from plugin 'calculator' registered.
2024-03-24 16:53:25,421 - root - INFO - Registered command 'CalculatorCommand' for plugin 'calculator'
2024-03-24 16:53:25,422 - root - INFO - Command 'greet' from plugin 'greet' registered.
2024-03-24 16:53:25,422 - root - INFO - Registered command 'GreetCommand' for plugin 'greet'
2024-03-24 16:53:25,422 - root - INFO - Application started. Type 'exit' to exit.
2024-03-24 16:53:25,422 - root - INFO - Application shutdown.
2024-03-24 16:55:24,532 - root - INFO - Logging configured.
2024-03-24 16:55:24,533 - root - INFO - Environment variables loaded.
2024-03-24 16:55:24,988 - root - INFO - Command 'calculator' from plugin 'calculator' registered.
2024-03-24 16:55:24,988 - root - INFO - Registered command 'CalculatorCommand' for plugin 'calculator'
2024-03-24 16:55:24,989 - root - INFO - Command 'greet' from plugin 'greet' registered.
2024-03-24 16:55:24,989 - root - INFO - Registered command 'GreetCommand' for plugin 'greet'
2024-03-24 16:55:24,989 - root - INFO - Application started. Type 'exit' to exit.
2024-03-24 16:55:24,990 - root - INFO - Application exit.
2024-03-24 16:55:24,990 - root - INFO - Application shutdown.
2024-03-24 16:57:49,879 - root - INFO - Logging configured.
2024-03-24 16:57:49,880 - root - INFO - Environment variables loaded.
2024-03-24 16:57:50,309 - root - INFO - Command 'calculator' from plugin 'calculator' registered.
2024-03-24 16:57:50,309 - root - INFO - Registered command 'CalculatorCommand' for plugin 'calculator'
2024-03-24 16:57:50,310 - root - INFO - Command 'greet' from plugin 'greet' registered.
2024-03-24 16:57:50,311 - root - INFO - Registered command 'GreetCommand' for plugin 'greet'
2024-03-24 16:57:50,311 - root - INFO - Application started. Type 'exit' to exit.
2024-03-24 16:57:50,311 - root - INFO - Application shutdown.
2024-03-24 16:58:21,113 - root - INFO - Logging configured.
2024-03-24 16:58:21,113 - root - INFO - Environment variables loaded.
2024-03-24 16:58:21,562 - root - INFO - Command 'calculator' from plugin 'calculator' registered.
2024-03-24 16:58:21,562 - root - INFO - Registered command 'CalculatorCommand' for plugin 'calculator'
2024-03-24 16:58:21,563 - root - INFO - Command 'greet' from plugin 'greet' registered.
2024-03-24 16:58:21,563 - root - INFO - Registered command 'GreetCommand' for plugin 'greet'
2024-03-24 16:58:21,563 - root - INFO - Application started. Type 'exit' to exit.
2024-03-24 16:58:21,564 - root - INFO - Application exit.
2024-03-24 16:58:21,564 - root - INFO - Application shutdown.
2024-03-24 16:58:57,896 - root - INFO - Logging configured.
2024-03-24 16:58:57,896 - root - INFO - Environment variables loaded.
2024-03-24 16:58:58,372 - root - INFO - Command 'calculator' from plugin 'calculator' registered.
2024-03-24 16:58:58,373 - root - INFO - Registered command 'CalculatorCommand' for plugin 'calculator'
2024-03-24 16:58:58,375 - root - INFO - Command 'greet' from plugin 'greet' registered.
2024-03-24 16:58:58,375 - root - INFO - Registered command 'GreetCommand' for plugin 'greet'
2024-03-24 16:58:58,375 - root - INFO - Application started. Type 'exit' to exit.
2024-03-24 16:58:58,375 - root - INFO - Application exit.
2024-03-24 16:58:58,376 - root - INFO - Application shutdown.
2024-03-24 16:59:19,371 - root - INFO - Logging configured.
2024-03-24 16:59:19,372 - root - INFO - Environment variables loaded.
2024-03-24 16:59:19,846 - root - INFO - Command 'calculator' from plugin 'calculator' registered.
2024-03-24 16:59:19,846 - root - INFO - Registered command 'CalculatorCommand' for plugin 'calculator'
2024-03-24 16:59:19,847 - root - INFO - Command 'greet' from plugin 'greet' registered.
2024-03-24 16:59:19,847 - root - INFO - Registered command 'GreetCommand' for plugin 'greet'
2024-03-24 16:59:19,847 - root - INFO - Application started. Type 'exit' to exit.
2024-03-24 16:59:19,848 - root - INFO - Application exit.
2024-03-24 16:59:19,848 - root - INFO - Application shutdown.
2024-03-24 16:59:48,192 - root - INFO - Logging configured.
2024-03-24 16:59:48,193 - root - INFO - Environment variables loaded.
2024-03-24 16:59:49,420 - root - INFO - Command 'calculator' from plugin 'calculator' registered.
2024-03-24 16:59:49,420 - root - INFO - Registered command 'CalculatorCommand' for plugin 'calculator'
2024-03-24 16:59:49,423 - root - INFO - Command 'greet' from plugin 'greet' registered.
2024-03-24 16:59:49,423 - root - INFO - Registered command 'GreetCommand' for plugin 'greet'
2024-03-24 16:59:49,423 - root - INFO - Application started. Type 'exit' to exit.
2024-03-24 16:59:49,423 - root - INFO - Application shutdown.
2024-03-24 17:00:07,336 - root - INFO - Logging configured.
2024-03-24 17:00:07,336 - root - INFO - Environment variables loaded.
2024-03-24 17:00:07,831 - root - INFO - Command 'calculator' from plugin 'calculator' registered.
2024-03-24 17:00:07,831 - root - INFO - Registered command 'CalculatorCommand' for plugin 'calculator'
2024-03-24 17:00:07,832 - root - INFO - Command 'greet' from plugin 'greet' registered.
2024-03-24 17:00:07,832 - root - INFO - Registered command 'GreetCommand' for plugin 'greet'
2024-03-24 17:00:07,832 - root - INFO - Application started. Type 'exit' to exit.
2024-03-24 17:00:07,833 - root - INFO - Application shutdown.
2024-03-24 17:01:29,316 - root - INFO - Logging configured.
2024-03-24 17:01:29,317 - root - INFO - Environment variables loaded.
2024-03-24 17:01:29,999 - root - INFO - Command 'calculator' from plugin 'calculator' registered.
2024-03-24 17:01:30,000 - root - INFO - Registered command 'CalculatorCommand' for plugin 'calculator'
2024-03-24 17:01:30,001 - root - INFO - Command 'greet' from plugin 'greet' registered.
2024-03-24 17:01:30,002 - root - INFO - Registered command 'GreetCommand' for plugin 'greet'
2024-03-24 17:01:30,002 - root - INFO - Application started. Type 'exit' to exit.
2024-03-24 17:01:30,003 - root - INFO - Application exit.
2024-03-24 17:01:30,003 - root - INFO - Application shutdown.
2024-03-24 17:04:13,353 - root - INFO - Logging configured.
2024-03-24 17:04:13,354 - root - INFO - Environment variables loaded.
2024-03-24 17:04:13,848 - root - INFO - Command 'calculator' from plugin 'calculator' registered.
2024-03-24 17:04:13,848 - root - INFO - Registered command 'CalculatorCommand' for plugin 'calculator'
2024-03-24 17:04:13,849 - root - INFO - Command 'greet' from plugin 'greet' registered.
2024-03-24 17:04:13,849 - root - INFO - Registered command 'GreetCommand' for plugin 'greet'
2024-03-24 17:04:13,850 - root - INFO - Application started. Type 'exit' to exit.
2024-03-24 17:04:13,850 - root - INFO - Application shutdown.
2024-03-24 17:04:55,492 - root - INFO - Logging configured.
2024-03-24 17:04:55,492 - root - INFO - Environment variables loaded.
2024-03-24 17:04:55,999 - root - INFO - Command 'calculator' from plugin 'calculator' registered.
2024-03-24 17:04:55,999 - root - INFO - Registered command 'CalculatorCommand' for plugin 'calculator'
2024-03-24 17:04:56,000 - root - INFO - Command 'greet' from plugin 'greet' registered.
2024-03-24 17:04:56,000 - root - INFO - Registered command 'GreetCommand' for plugin 'greet'
2024-03-24 17:04:56,000 - root - INFO - Application started. Type 'exit' to exit.
2024-03-24 17:04:56,000 - root - INFO - Application shutdown.
2024-03-24 17:05:28,643 - root - INFO - Logging configured.
2024-03-24 17:05:28,643 - root - INFO - Environment variables loaded.
2024-03-24 17:05:29,207 - root - INFO - Command 'calculator' from plugin 'calculator' registered.
2024-03-24 17:05:29,208 - root - INFO - Registered command 'CalculatorCommand' for plugin 'calculator'
2024-03-24 17:05:29,209 - root - INFO - Command 'greet' from plugin 'greet' registered.
2024-03-24 17:05:29,209 - root - INFO - Registered command 'GreetCommand' for plugin 'greet'
2024-03-24 17:05:29,210 - root - INFO - Application started. Type 'exit' to exit.
2024-03-24 17:05:29,210 - root - INFO - Application shutdown.
2024-03-24 17:06:43,641 - root - INFO - Logging configured.
2024-03-24 17:06:43,642 - root - INFO - Environment variables loaded.
2024-03-24 17:06:44,098 - root - INFO - Command 'calculator' from plugin 'calculator' registered.
2024-03-24 17:06:44,098 - root - INFO - Registered command 'CalculatorCommand' for plugin 'calculator'
2024-03-24 17:06:44,099 - root - INFO - Command 'greet' from plugin 'greet' registered.
2024-03-24 17:06:44,099 - root - INFO - Registered command 'GreetCommand' for plugin 'greet'
2024-03-24 17:06:44,099 - root - INFO - Application started. Type 'exit' to exit.
2024-03-24 17:06:44,099 - root - INFO - Application shutdown.
2024-03-25 00:20:09,700 - root - INFO - Logging configured.
2024-03-25 00:20:09,701 - root - INFO - Environment variables loaded.
2024-03-25 00:20:11,258 - root - INFO - Command 'calculator' from plugin 'calculator' registered.
2024-03-25 00:20:11,258 - root - INFO - Registered command 'CalculatorCommand' for plugin 'calculator'
2024-03-25 00:20:11,260 - root - INFO - Command 'greet' from plugin 'greet' registered.
2024-03-25 00:20:11,261 - root - INFO - Registered command 'GreetCommand' for plugin 'greet'
2024-03-25 00:20:11,261 - root - INFO - Application started. Type 'exit' to exit.
2024-03-25 00:20:11,261 - root - INFO - Application shutdown.
2024-03-25 00:24:19,731 - root - INFO - Logging configured.
2024-03-25 00:24:19,732 - root - INFO - Environment variables loaded.
2024-03-25 00:24:20,306 - root - INFO - Command 'calculator' from plugin 'calculator' registered.
2024-03-25 00:24:20,306 - root - INFO - Registered command 'CalculatorCommand' for plugin 'calculator'
2024-03-25 00:24:20,307 - root - INFO - Command 'greet' from plugin 'greet' registered.
2024-03-25 00:24:20,308 - root - INFO - Registered command 'GreetCommand' for plugin 'greet'
2024-03-25 00:24:20,309 - root - INFO - Application started. Type 'exit' to exit.
2024-03-25 00:24:20,309 - root - INFO - Application shutdown.
2024-03-25 00:31:26,188 - root - INFO - Logging configured.
2024-03-25 00:31:26,189 - root - INFO - Environment variables loaded.
2024-03-25 00:31:26,968 - root - INFO - Command 'calculator' from plugin 'calculator' registered.
2024-03-25 00:31:26,968 - root - INFO - Registered command 'CalculatorCommand' for plugin 'calculator'
2024-03-25 00:31:26,970 - root - INFO - Command 'greet' from plugin 'greet' registered.
2024-03-25 00:31:26,970 - root - INFO - Registered command 'GreetCommand' for plugin 'greet'
2024-03-25 00:31:26,971 - root - INFO - Application started. Type 'exit' to exit.
2024-03-25 00:31:26,971 - root - INFO - Application shutdown.
2024-03-25 00:32:01,639 - root - INFO - Logging configured.
2024-03-25 00:32:01,640 - root - INFO - Environment variables loaded.
2024-03-25 00:32:02,140 - root - INFO - Command 'calculator' from plugin 'calculator' registered.
2024-03-25 00:32:02,140 - root - INFO - Registered command 'CalculatorCommand' for plugin 'calculator'
2024-03-25 00:32:02,141 - root - INFO - Command 'greet' from plugin 'greet' registered.
2024-03-25 00:32:02,141 - root - INFO - Registered command 'GreetCommand' for plugin 'greet'
2024-03-25 00:32:02,141 - root - INFO - Application started. Type 'exit' to exit.
2024-03-25 00:32:02,142 - root - INFO - Application shutdown.
2024-03-25 00:32:17,834 - root - INFO - Logging configured.
2024-03-25 00:32:17,835 - root - INFO - Environment variables loaded.
2024-03-25 00:32:18,439 - root - INFO - Command 'calculator' from plugin 'calculator' registered.
2024-03-25 00:32:18,440 - root - INFO - Registered command 'CalculatorCommand' for plugin 'calculator'
2024-03-25 00:32:18,441 - root - INFO - Command 'greet' from plugin 'greet' registered.
2024-03-25 00:32:18,441 - root - INFO - Registered command 'GreetCommand' for plugin 'greet'
2024-03-25 00:32:18,442 - root - INFO - Application started. Type 'exit' to exit.
2024-03-25 00:32:18,442 - root - INFO - Application shutdown.
2024-03-25 00:36:43,454 - root - INFO - Logging configured.
2024-03-25 00:36:43,455 - root - INFO - Environment variables loaded.
2024-03-25 00:36:43,984 - root - INFO - Command 'calculator' from plugin 'calculator' registered.
2024-03-25 00:36:43,984 - root - INFO - Registered command 'CalculatorCommand' for plugin 'calculator'
2024-03-25 00:36:43,985 - root - INFO - Command 'greet' from plugin 'greet' registered.
2024-03-25 00:36:43,985 - root - INFO - Registered command 'GreetCommand' for plugin 'greet'
2024-03-25 00:36:43,985 - root - INFO - Application started. Type 'exit' to exit.
2024-03-25 00:36:43,986 - root - INFO - Application shutdown.
2024-03-25 00:37:06,429 - root - INFO - Logging configured.
2024-03-25 00:37:06,430 - root - INFO - Environment variables loaded.
2024-03-25 00:37:06,917 - root - INFO - Command 'calculator' from plugin 'calculator' registered.
2024-03-25 00:37:06,917 - root - INFO - Registered command 'CalculatorCommand' for plugin 'calculator'
2024-03-25 00:37:06,918 - root - INFO - Command 'greet' from plugin 'greet' registered.
2024-03-25 00:37:06,918 - root - INFO - Registered command 'GreetCommand' for plugin 'greet'
2024-03-25 00:37:06,919 - root - INFO - Application started. Type 'exit' to exit.
2024-03-25 00:37:06,919 - root - INFO - Application shutdown.
2024-03-25 11:10:46,307 - root - INFO - Logging configured.
2024-03-25 11:10:46,309 - root - INFO - Environment variables loaded.
2024-03-25 11:10:47,549 - root - INFO - Command 'calculator' from plugin 'calculator' registered.
2024-03-25 11:10:47,549 - root - INFO - Registered command 'CalculatorCommand' for plugin 'calculator'
2024-03-25 11:10:47,551 - root - INFO - Command 'greet' from plugin 'greet' registered.
2024-03-25 11:10:47,551 - root - INFO - Registered command 'GreetCommand' for plugin 'greet'
2024-03-25 11:10:47,551 - root - INFO - Application started. Type 'exit' to exit.
2024-03-25 11:10:47,551 - root - INFO - Application shutdown.
2024-03-25 11:13:19,580 - root - INFO - Logging configured.
2024-03-25 11:13:19,582 - root - INFO - Environment variables loaded.
2024-03-25 11:13:20,213 - root - INFO - Command 'calculator' from plugin 'calculator' registered.
2024-03-25 11:13:20,213 - root - INFO - Registered command 'CalculatorCommand' for plugin 'calculator'
2024-03-25 11:13:20,214 - root - INFO - Command 'greet' from plugin 'greet' registered.
2024-03-25 11:13:20,214 - root - INFO - Registered command 'GreetCommand' for plugin 'greet'
2024-03-25 11:13:20,214 - root - INFO - Application started. Type 'exit' to exit.
2024-03-25 11:13:20,214 - root - INFO - Application shutdown.
2024-03-25 11:14:25,075 - root - INFO - Logging configured.
2024-03-25 11:14:25,076 - root - INFO - Environment variables loaded.
2024-03-25 11:14:25,686 - root - INFO - Command 'calculator' from plugin 'calculator' registered.
2024-03-25 11:14:25,687 - root - INFO - Registered command 'CalculatorCommand' for plugin 'calculator'
2024-03-25 11:14:25,688 - root - INFO - Command 'greet' from plugin 'greet' registered.
2024-03-25 11:14:25,688 - root - INFO - Registered command 'GreetCommand' for plugin 'greet'
2024-03-25 11:14:25,688 - root - INFO - Application started. Type 'exit' to exit.
2024-03-25 11:14:25,688 - root - INFO - Application shutdown.
2024-03-25 11:15:09,401 - root - INFO - Logging configured.
2024-03-25 11:15:09,401 - root - INFO - Environment variables loaded.
2024-03-25 11:15:09,871 - root - INFO - Command 'calculator' from plugin 'calculator' registered.
2024-03-25 11:15:09,871 - root - INFO - Registered command 'CalculatorCommand' for plugin 'calculator'
2024-03-25 11:15:09,872 - root - INFO - Command 'greet' from plugin 'greet' registered.
2024-03-25 11:15:09,872 - root - INFO - Registered command 'GreetCommand' for plugin 'greet'
2024-03-25 11:15:09,872 - root - INFO - Application started. Type 'exit' to exit.
2024-03-25 11:15:09,872 - root - INFO - Application shutdown.
2024-03-25 11:18:00,104 - root - INFO - Logging configured.
2024-03-25 11:18:00,104 - root - INFO - Environment variables loaded.
2024-03-25 11:18:01,522 - root - INFO - Command 'calculator' from plugin 'calculator' registered.
2024-03-25 11:18:01,522 - root - INFO - Registered command 'CalculatorCommand' for plugin 'calculator'
2024-03-25 11:18:01,524 - root - INFO - Command 'greet' from plugin 'greet' registered.
2024-03-25 11:18:01,524 - root - INFO - Registered command 'GreetCommand' for plugin 'greet'
2024-03-25 11:18:01,524 - root - INFO - Application started. Type 'exit' to exit.
2024-03-25 11:18:01,524 - root - INFO - Application shutdown.
2024-03-25 11:18:01,614 - root - INFO - Logging configured.
2024-03-25 11:18:01,615 - root - INFO - Environment variables loaded.
2024-03-25 11:18:01,617 - root - INFO - Command 'calculator' from plugin 'calculator' registered.
2024-03-25 11:18:01,617 - root - INFO - Registered command 'CalculatorCommand' for plugin 'calculator'
2024-03-25 11:18:01,617 - root - INFO - Command 'greet' from plugin 'greet' registered.
2024-03-25 11:18:01,618 - root - INFO - Registered command 'GreetCommand' for plugin 'greet'
2024-03-25 11:18:01,618 - root - INFO - Application started. Type 'exit' to exit.
2024-03-25 11:18:01,618 - root - INFO - Hello, World!
2024-03-25 11:18:01,619 - root - INFO - Application exit.
2024-03-25 11:18:01,619 - root - INFO - Application shutdown.
2024-03-25 11:22:05,061 - root - INFO - Logging configured.
2024-03-25 11:22:05,061 - root - INFO - Environment variables loaded.
2024-03-25 11:22:05,489 - root - INFO - Command 'calculator' from plugin 'calculator' registered.
2024-03-25 11:22:05,489 - root - INFO - Registered command 'CalculatorCommand' for plugin 'calculator'
2024-03-25 11:22:05,494 - root - INFO - Command 'exit' from plugin 'exit' registered.
2024-03-25 11:22:05,494 - root - INFO - Registered command 'ExitCommand' for plugin 'exit'
2024-03-25 11:22:05,495 - root - INFO - Command 'greet' from plugin 'greet' registered.
2024-03-25 11:22:05,495 - root - INFO - Registered command 'GreetCommand' for plugin 'greet'
2024-03-25 11:22:05,495 - root - INFO - Application started. Type 'exit' to exit.
2024-03-25 11:22:13,078 - root - INFO - Application exit.
2024-03-25 11:22:13,078 - root - INFO - Application shutdown.
2024-03-25 11:43:55,349 - root - INFO - Logging configured.
2024-03-25 11:43:55,351 - root - INFO - Environment variables loaded.
2024-03-25 11:43:56,565 - root - INFO - Command 'calculator' from plugin 'calculator' registered.
2024-03-25 11:43:56,565 - root - INFO - Registered command 'CalculatorCommand' for plugin 'calculator'
2024-03-25 11:43:56,568 - root - INFO - Command 'exit' from plugin 'exit' registered.
2024-03-25 11:43:56,568 - root - INFO - Registered command 'ExitCommand' for plugin 'exit'
2024-03-25 11:43:56,569 - root - INFO - Command 'greet' from plugin 'greet' registered.
2024-03-25 11:43:56,570 - root - INFO - Registered command 'GreetCommand' for plugin 'greet'
2024-03-25 11:43:56,570 - root - INFO - Application started. Type 'exit' to exit.
2024-03-25 11:44:12,529 - root - ERROR - Error: Invalid expression format. Please enter a valid operation.
2024-03-25 11:44:55,731 - root - ERROR - Error: Invalid expression format. Please enter a valid operation.
2024-03-25 11:57:07,855 - root - ERROR - Error: Invalid expression format. Please enter a valid operation.
2024-03-25 11:57:23,119 - root - ERROR - Error: could not convert string to float: '+'
2024-03-25 11:57:39,427 - root - ERROR - Error: Invalid expression format. Please enter a valid operation.
2024-03-25 11:57:46,969 - root - INFO - Calculator history saved to ./csv_history/calculator_history_250324115746.csv
2024-03-25 11:59:58,316 - root - INFO - Application exit.
2024-03-25 11:59:58,316 - root - INFO - Application shutdown.
2024-03-25 12:00:08,213 - root - INFO - Logging configured.
2024-03-25 12:00:08,213 - root - INFO - Environment variables loaded.
2024-03-25 12:00:08,955 - root - INFO - Command 'calculator' from plugin 'calculator' registered.
2024-03-25 12:00:08,955 - root - INFO - Registered command 'CalculatorCommand' for plugin 'calculator'
2024-03-25 12:00:08,956 - root - INFO - Command 'exit' from plugin 'exit' registered.
2024-03-25 12:00:08,956 - root - INFO - Registered command 'ExitCommand' for plugin 'exit'
2024-03-25 12:00:08,957 - root - INFO - Command 'greet' from plugin 'greet' registered.
2024-03-25 12:00:08,957 - root - INFO - Registered command 'GreetCommand' for plugin 'greet'
2024-03-25 12:00:08,958 - root - INFO - Application started. Type 'exit' to exit.
2024-03-25 12:00:20,553 - root - ERROR - Error: Invalid expression format. Please enter a valid operation with operands.
2024-03-25 12:00:42,008 - root - ERROR - Error: could not convert string to float: '+'
2024-03-25 12:02:25,468 - root - ERROR - Error: Invalid expression format. Please enter a valid operation with operands.
2024-03-25 12:02:31,523 - root - INFO - Calculator history saved to ./csv_history/calculator_history_250324120231.csv
2024-03-25 12:02:35,156 - root - INFO - Application exit.
2024-03-25 12:02:35,156 - root - INFO - Application shutdown.
2024-03-25 12:02:56,705 - root - INFO - Logging configured.
2024-03-25 12:02:56,706 - root - INFO - Environment variables loaded.
2024-03-25 12:02:57,180 - root - INFO - Command 'calculator' from plugin 'calculator' registered.
2024-03-25 12:02:57,181 - root - INFO - Registered command 'CalculatorCommand' for plugin 'calculator'
2024-03-25 12:02:57,181 - root - INFO - Command 'exit' from plugin 'exit' registered.
2024-03-25 12:02:57,182 - root - INFO - Registered command 'ExitCommand' for plugin 'exit'
2024-03-25 12:02:57,182 - root - INFO - Command 'greet' from plugin 'greet' registered.
2024-03-25 12:02:57,182 - root - INFO - Registered command 'GreetCommand' for plugin 'greet'
2024-03-25 12:02:57,183 - root - INFO - Application started. Type 'exit' to exit.
2024-03-25 12:03:07,719 - root - ERROR - Error: Invalid expression format. Please enter a valid operation with operands.
2024-03-25 12:03:26,573 - root - ERROR - Error: Invalid number format. Please enter valid numbers.
2024-03-25 12:03:26,573 - root - ERROR - Error: could not convert string to float: '+'
2024-03-25 12:05:01,596 - root - ERROR - Error: Invalid expression format. Please enter a valid operation with operands.
2024-03-25 12:05:12,658 - root - ERROR - Error: Invalid expression format. Please enter a valid operation with operands.
2024-03-25 12:05:19,884 - root - ERROR - Error: Invalid expression format. Please enter a valid operation with operands.
2024-03-25 12:05:27,034 - root - ERROR - Error: Invalid expression format. Please enter a valid operation with operands.
2024-03-25 12:05:30,008 - root - ERROR - Error: Invalid expression format. Please enter a valid operation with operands.
2024-03-25 12:07:45,693 - root - ERROR - Error: Invalid expression format. Please enter a valid operation with operands.
2024-03-25 12:07:55,615 - root - INFO - Application shutdown.
2024-03-25 12:08:20,781 - root - INFO - Logging configured.
2024-03-25 12:08:20,781 - root - INFO - Environment variables loaded.
2024-03-25 12:08:21,455 - root - INFO - Command 'calculator' from plugin 'calculator' registered.
2024-03-25 12:08:21,456 - root - INFO - Registered command 'CalculatorCommand' for plugin 'calculator'
2024-03-25 12:08:21,456 - root - INFO - Command 'exit' from plugin 'exit' registered.
2024-03-25 12:08:21,456 - root - INFO - Registered command 'ExitCommand' for plugin 'exit'
2024-03-25 12:08:21,457 - root - INFO - Command 'greet' from plugin 'greet' registered.
2024-03-25 12:08:21,457 - root - INFO - Registered command 'GreetCommand' for plugin 'greet'
2024-03-25 12:08:21,457 - root - INFO - Application started. Type 'exit' to exit.
2024-03-25 12:08:43,046 - root - INFO - Calculator history saved to ./csv_history/calculator_history_250324120843.csv
2024-03-25 12:11:30,714 - root - INFO - Application exit.
2024-03-25 12:11:30,714 - root - INFO - Application shutdown.
2024-03-25 12:11:34,812 - root - INFO - Logging configured.
2024-03-25 12:11:34,812 - root - INFO - Environment variables loaded.
2024-03-25 12:11:35,224 - root - INFO - Command 'calculator' from plugin 'calculator' registered.
2024-03-25 12:11:35,225 - root - INFO - Registered command 'CalculatorCommand' for plugin 'calculator'
2024-03-25 12:11:35,225 - root - INFO - Command 'exit' from plugin 'exit' registered.
2024-03-25 12:11:35,225 - root - INFO - Registered command 'ExitCommand' for plugin 'exit'
2024-03-25 12:11:35,226 - root - INFO - Command 'greet' from plugin 'greet' registered.
2024-03-25 12:11:35,226 - root - INFO - Registered command 'GreetCommand' for plugin 'greet'
2024-03-25 12:11:35,226 - root - INFO - Application started. Type 'exit' to exit.
2024-03-25 12:12:25,230 - root - INFO - Calculator history saved to ./csv_history/calculator_history_250324121225.csv
2024-03-25 12:12:36,315 - root - INFO - Application exit.
2024-03-25 12:12:36,315 - root - INFO - Application shutdown.
2024-03-25 12:15:45,697 - root - INFO - Logging configured.
2024-03-25 12:15:45,697 - root - INFO - Environment variables loaded.
2024-03-25 12:15:46,105 - root - INFO - Command 'calculator' from plugin 'calculator' registered.
2024-03-25 12:15:46,105 - root - INFO - Registered command 'CalculatorCommand' for plugin 'calculator'
2024-03-25 12:15:46,106 - root - INFO - Command 'exit' from plugin 'exit' registered.
2024-03-25 12:15:46,106 - root - INFO - Registered command 'ExitCommand' for plugin 'exit'
2024-03-25 12:15:46,106 - root - INFO - Command 'greet' from plugin 'greet' registered.
2024-03-25 12:15:46,107 - root - INFO - Registered command 'GreetCommand' for plugin 'greet'
2024-03-25 12:15:46,107 - root - INFO - Application started. Type 'exit' to exit.
2024-03-25 12:16:57,259 - root - INFO - Calculator history saved to ./csv_history/calculator_history_250324121657.csv
2024-03-25 12:17:18,769 - root - INFO - Application exit.
2024-03-25 12:17:18,769 - root - INFO - Application shutdown.
2024-03-25 12:17:41,818 - root - INFO - Logging configured.
2024-03-25 12:17:41,818 - root - INFO - Environment variables loaded.
2024-03-25 12:17:42,303 - root - INFO - Command 'calculator' from plugin 'calculator' registered.
2024-03-25 12:17:42,303 - root - INFO - Registered command 'CalculatorCommand' for plugin 'calculator'
2024-03-25 12:17:42,304 - root - INFO - Command 'exit' from plugin 'exit' registered.
2024-03-25 12:17:42,305 - root - INFO - Registered command 'ExitCommand' for plugin 'exit'
2024-03-25 12:17:42,305 - root - INFO - Command 'greet' from plugin 'greet' registered.
2024-03-25 12:17:42,306 - root - INFO - Registered command 'GreetCommand' for plugin 'greet'
2024-03-25 12:17:42,306 - root - INFO - Application started. Type 'exit' to exit.
2024-03-25 12:17:42,306 - root - INFO - Application shutdown.
2024-03-25 12:17:42,387 - root - INFO - Logging configured.
2024-03-25 12:17:42,388 - root - INFO - Environment variables loaded.
2024-03-25 12:17:42,390 - root - INFO - Command 'calculator' from plugin 'calculator' registered.
2024-03-25 12:17:42,390 - root - INFO - Registered command 'CalculatorCommand' for plugin 'calculator'
2024-03-25 12:17:42,391 - root - INFO - Command 'exit' from plugin 'exit' registered.
2024-03-25 12:17:42,391 - root - INFO - Registered command 'ExitCommand' for plugin 'exit'
2024-03-25 12:17:42,391 - root - INFO - Command 'greet' from plugin 'greet' registered.
2024-03-25 12:17:42,392 - root - INFO - Registered command 'GreetCommand' for plugin 'greet'
2024-03-25 12:17:42,392 - root - INFO - Application started. Type 'exit' to exit.
2024-03-25 12:17:42,392 - root - INFO - Hello, World!
2024-03-25 12:17:42,392 - root - INFO - Application exit.
2024-03-25 12:17:42,393 - root - INFO - Application shutdown.
2024-03-25 12:18:58,478 - root - INFO - Logging configured.
2024-03-25 12:18:58,479 - root - INFO - Environment variables loaded.
2024-03-25 12:18:58,483 - root - INFO - Command 'calculator' from plugin 'calculator' registered.
2024-03-25 12:18:58,483 - root - INFO - Registered command 'CalculatorCommand' for plugin 'calculator'
2024-03-25 12:18:58,485 - root - INFO - Command 'exit' from plugin 'exit' registered.
2024-03-25 12:18:58,485 - root - INFO - Registered command 'ExitCommand' for plugin 'exit'
2024-03-25 12:18:58,486 - root - INFO - Command 'greet' from plugin 'greet' registered.
2024-03-25 12:18:58,486 - root - INFO - Registered command 'GreetCommand' for plugin 'greet'
2024-03-25 12:18:58,487 - root - INFO - Application started. Type 'exit' to exit.
2024-03-25 12:18:58,487 - root - INFO - Hello, World!
2024-03-25 12:18:58,487 - root - INFO - Application exit.
2024-03-25 12:18:58,488 - root - INFO - Application shutdown.
2024-03-25 12:20:00,568 - root - INFO - Logging configured.
2024-03-25 12:20:00,569 - root - INFO - Environment variables loaded.
2024-03-25 12:20:00,571 - root - INFO - Command 'calculator' from plugin 'calculator' registered.
2024-03-25 12:20:00,572 - root - INFO - Registered command 'CalculatorCommand' for plugin 'calculator'
2024-03-25 12:20:00,573 - root - INFO - Command 'exit' from plugin 'exit' registered.
2024-03-25 12:20:00,573 - root - INFO - Registered command 'ExitCommand' for plugin 'exit'
2024-03-25 12:20:00,574 - root - INFO - Command 'greet' from plugin 'greet' registered.
2024-03-25 12:20:00,574 - root - INFO - Registered command 'GreetCommand' for plugin 'greet'
2024-03-25 12:20:00,574 - root - INFO - Application started. Type 'exit' to exit.
2024-03-25 12:20:00,574 - root - INFO - Hello, World!
2024-03-25 12:20:00,575 - root - INFO - Application exit.
2024-03-25 12:20:00,575 - root - INFO - Application shutdown.
2024-03-25 12:20:43,067 - root - INFO - Logging configured.
2024-03-25 12:20:43,068 - root - INFO - Environment variables loaded.
2024-03-25 12:20:43,074 - root - INFO - Command 'calculator' from plugin 'calculator' registered.
2024-03-25 12:20:43,075 - root - INFO - Registered command 'CalculatorCommand' for plugin 'calculator'
2024-03-25 12:20:43,076 - root - INFO - Command 'exit' from plugin 'exit' registered.
2024-03-25 12:20:43,076 - root - INFO - Registered command 'ExitCommand' for plugin 'exit'
2024-03-25 12:20:43,077 - root - INFO - Command 'greet' from plugin 'greet' registered.
2024-03-25 12:20:43,078 - root - INFO - Registered command 'GreetCommand' for plugin 'greet'
2024-03-25 12:20:43,078 - root - INFO - Application started. Type 'exit' to exit.
2024-03-25 12:20:43,084 - root - INFO - Hello, World!
2024-03-25 12:20:43,085 - root - INFO - Application exit.
2024-03-25 12:20:43,085 - root - INFO - Application shutdown.
2024-03-25 12:23:24,736 - root - INFO - Logging configured.
2024-03-25 12:23:24,737 - root - INFO - Environment variables loaded.
2024-03-25 12:23:24,739 - root - INFO - Command 'calculator' from plugin 'calculator' registered.
2024-03-25 12:23:24,740 - root - INFO - Registered command 'CalculatorCommand' for plugin 'calculator'
2024-03-25 12:23:24,741 - root - INFO - Command 'exit' from plugin 'exit' registered.
2024-03-25 12:23:24,741 - root - INFO - Registered command 'ExitCommand' for plugin 'exit'
2024-03-25 12:23:24,743 - root - INFO - Command 'greet' from plugin 'greet' registered.
2024-03-25 12:23:24,744 - root - INFO - Registered command 'GreetCommand' for plugin 'greet'
2024-03-25 12:23:24,744 - root - INFO - Application started. Type 'exit' to exit.
2024-03-25 12:23:24,744 - root - INFO - Hello, World!
2024-03-25 12:23:24,745 - root - INFO - Application exit.
2024-03-25 12:23:24,746 - root - INFO - Application shutdown.
2024-03-25 12:23:59,161 - root - INFO - Logging configured.
2024-03-25 12:23:59,162 - root - INFO - Environment variables loaded.
2024-03-25 12:23:59,164 - root - INFO - Command 'calculator' from plugin 'calculator' registered.
2024-03-25 12:23:59,165 - root - INFO - Registered command 'CalculatorCommand' for plugin 'calculator'
2024-03-25 12:23:59,166 - root - INFO - Command 'exit' from plugin 'exit' registered.
2024-03-25 12:23:59,167 - root - INFO - Registered command 'ExitCommand' for plugin 'exit'
2024-03-25 12:23:59,168 - root - INFO - Command 'greet' from plugin 'greet' registered.
2024-03-25 12:23:59,169 - root - INFO - Registered command 'GreetCommand' for plugin 'greet'
2024-03-25 12:23:59,169 - root - INFO - Application started. Type 'exit' to exit.
2024-03-25 12:23:59,169 - root - INFO - Hello, World!
2024-03-25 12:23:59,170 - root - INFO - Application exit.
2024-03-25 12:23:59,170 - root - INFO - Application shutdown.
2024-03-25 12:24:13,795 - root - INFO - Logging configured.
2024-03-25 12:24:13,795 - root - INFO - Environment variables loaded.
2024-03-25 12:24:13,797 - root - INFO - Command 'calculator' from plugin 'calculator' registered.
2024-03-25 12:24:13,797 - root - INFO - Registered command 'CalculatorCommand' for plugin 'calculator'
2024-03-25 12:24:13,798 - root - INFO - Command 'exit' from plugin 'exit' registered.
2024-03-25 12:24:13,798 - root - INFO - Registered command 'ExitCommand' for plugin 'exit'
2024-03-25 12:24:13,801 - root - INFO - Command 'greet' from plugin 'greet' registered.
2024-03-25 12:24:13,801 - root - INFO - Registered command 'GreetCommand' for plugin 'greet'
2024-03-25 12:24:13,801 - root - INFO - Application started. Type 'exit' to exit.
2024-03-25 12:24:13,802 - root - INFO - Hello, World!
2024-03-25 12:24:13,803 - root - INFO - Application exit.
2024-03-25 12:24:13,803 - root - INFO - Application shutdown.
